{"/var/www/html/frontends/my-app-test/src/app/app.component.html": {"path":"/var/www/html/frontends/my-app-test/src/app/app.component.html","statementMap":{"0":{"start":{"line":1,"column":0},"end":{"line":1,"column":27174}}},"fnMap":{},"branchMap":{},"s":{"0":1},"f":{},"b":{},"_coverageSchema":"1a1c01bbd47fc00a2c39e90264f33305004495a9","hash":"0efbcac4b5d1240e9091509786b0d6bcfa18b7ed"}
,"/var/www/html/frontends/my-app-test/src/app/app.component.ts": {"path":"/var/www/html/frontends/my-app-test/src/app/app.component.ts","statementMap":{"0":{"start":{"line":1,"column":0},"end":{"line":1,"column":42}},"1":{"start":{"line":9,"column":2},"end":{"line":9,"column":24}},"2":{"start":{"line":8,"column":13},"end":{"line":8,"column":null}},"3":{"start":{"line":8,"column":13},"end":{"line":8,"column":25}}},"fnMap":{},"branchMap":{},"s":{"0":1,"1":1,"2":1,"3":1},"f":{},"b":{}}
}
